-------------------------------------------------------------------------------
Test set: com.youtube.Bridge.JwtYoutubeApplicationTests
-------------------------------------------------------------------------------
Tests run: 1, Failures: 0, Errors: 1, Skipped: 0, Time elapsed: 4.222 s <<< FAILURE! - in com.youtube.Bridge.JwtYoutubeApplicationTests
contextLoads  Time elapsed: 0.008 s  <<< ERROR!
java.lang.IllegalStateException: Failed to load ApplicationContext
Caused by: org.springframework.beans.factory.BeanCreationException: Error creating bean with name 'entityManagerFactory' defined in class path resource [org/springframework/boot/autoconfigure/orm/jpa/HibernateJpaConfiguration.class]: Invocation of init method failed; nested exception is org.hibernate.AnnotationException: Use of @OneToMany or @ManyToMany targeting an unmapped class: com.youtube.Bridge.entity.Course.courseImage[com.youtube.Bridge.entity.ImageModel]
Caused by: org.hibernate.AnnotationException: Use of @OneToMany or @ManyToMany targeting an unmapped class: com.youtube.Bridge.entity.Course.courseImage[com.youtube.Bridge.entity.ImageModel]

